VM903 plugin:obsidian-mpeasy:55 StylePanel: isUseIndent changed to false
VM903 plugin:obsidian-mpeasy:150 Renderer: setOptions called with newOpts.isUseIndent false
VM903 plugin:obsidian-mpeasy:150 Renderer: opts.isUseIndent after update false
VM903 plugin:obsidian-mpeasy:172 MPEasyViewComponent: settings.isUseIndent changed to false
VM903 plugin:obsidian-mpeasy:150 Renderer: setOptions called with newOpts.isUseIndent false
VM903 plugin:obsidian-mpeasy:150 Renderer: opts.isUseIndent after update false
VM903 plugin:obsidian-mpeasy:172 MPEasyViewComponent: settings.isUseIndent changed to false
VM903 plugin:obsidian-mpeasy:154 Renderer: paragraph function - opts.isUseIndent false
VM903 plugin:obsidian-mpeasy:154 Renderer: paragraph function - opts.isUseIndent false
VM903 plugin:obsidian-mpeasy:154 Renderer: paragraph function - opts.isUseIndent false
VM903 plugin:obsidian-mpeasy:154 Renderer: paragraph function - opts.isUseIndent false
VM903 plugin:obsidian-mpeasy:154 Renderer: paragraph function - opts.isUseIndent false
VM903 plugin:obsidian-mpeasy:154 Renderer: paragraph function - opts.isUseIndent false
VM903 plugin:obsidian-mpeasy:154 Renderer: paragraph function - opts.isUseIndent false
VM903 plugin:obsidian-mpeasy:154 Renderer: paragraph function - opts.isUseIndent false
VM903 plugin:obsidian-mpeasy:154 Renderer: paragraph function - opts.isUseIndent false
VM903 plugin:obsidian-mpeasy:154 Renderer: paragraph function - opts.isUseIndent false
VM903 plugin:obsidian-mpeasy:154 Renderer: paragraph function - opts.isUseIndent false
VM903 plugin:obsidian-mpeasy:154 Renderer: paragraph function - opts.isUseIndent false
VM903 plugin:obsidian-mpeasy:154 Renderer: paragraph function - opts.isUseIndent false
VM903 plugin:obsidian-mpeasy:154 Renderer: paragraph function - opts.isUseIndent false
VM903 plugin:obsidian-mpeasy:154 Renderer: paragraph function - opts.isUseIndent false
VM903 plugin:obsidian-mpeasy:154 Renderer: paragraph function - opts.isUseIndent false
VM903 plugin:obsidian-mpeasy:154 Renderer: paragraph function - opts.isUseIndent false
VM903 plugin:obsidian-mpeasy:154 Renderer: paragraph function - opts.isUseIndent false
VM903 plugin:obsidian-mpeasy:154 Renderer: paragraph function - opts.isUseIndent false
VM903 plugin:obsidian-mpeasy:154 Renderer: paragraph function - opts.isUseIndent false
VM903 plugin:obsidian-mpeasy:154 Renderer: paragraph function - opts.isUseIndent false
VM903 plugin:obsidian-mpeasy:154 Renderer: paragraph function - opts.isUseIndent false
VM903 plugin:obsidian-mpeasy:154 Renderer: paragraph function - opts.isUseIndent false
VM903 plugin:obsidian-mpeasy:154 Renderer: paragraph function - opts.isUseIndent false
VM903 plugin:obsidian-mpeasy:154 Renderer: paragraph function - opts.isUseIndent false
VM903 plugin:obsidian-mpeasy:154 Renderer: paragraph function - opts.isUseIndent false
VM903 plugin:obsidian-mpeasy:154 Renderer: paragraph function - opts.isUseIndent false
VM903 plugin:obsidian-mpeasy:154 Renderer: paragraph function - opts.isUseIndent false
VM903 plugin:obsidian-mpeasy:154 Renderer: paragraph function - opts.isUseIndent false
VM903 plugin:obsidian-mpeasy:172 MPEasy: [processLocalImages] 开始处理本地图片，forPreview: true
VM903 plugin:obsidian-mpeasy:172 MPEasy: [processLocalImages] 发现 2 张本地图片
VM903 plugin:obsidian-mpeasy:172 MPEasy: [processLocalImages] 为预览模式处理图片，转换为 Base64
VM903 plugin:obsidian-mpeasy:199 MPEasy: fullHtml content: 
                    <html>
                    <head>
                        <meta charset="UTF-8">
                        <style>section { --md-primary-color: #000000;text-align: left;line-height: 1.75 }
container {  }
h1 { display: table;padding: 0 1em;border-bottom: 2px solid var(--md-primary-color);margin: 2em auto 1em;color: hsl(var(--foreground));font-size: 1.2em;font-weight: bold;text-align: center }
h2 { display: table;padding: 0 0.2em;margin: 4em auto 2em;color: #fff;background: var(--md-primary-color);font-size: 1.2em;font-weight: bold;text-align: center }
h3 { padding-left: 8px;border-left: 3px solid var(--md-primary-color);margin: 2em 8px 0.75em 0;color: hsl(var(--foreground));font-size: 1.1em;font-weight: bold;line-height: 1.2 }
h4 { margin: 2em 8px 0.5em;color: var(--md-primary-color);font-size: 1em;font-weight: bold }
h5 { margin: 1.5em 8px 0.5em;color: var(--md-primary-color);font-size: 1em;font-weight: bold }
h6 { margin: 1.5em 8px 0.5em;font-size: 1em;color: var(--md-primary-color) }
p { margin: 1.5em 8px;letter-spacing: 0.1em;color: hsl(var(--foreground)) }
blockquote { font-style: normal;padding: 1em;border-left: 4px solid var(--md-primary-color);border-radius: 6px;color: rgba(0,0,0,0.5);background: var(--blockquote-background);margin-bottom: 1em }
blockquote_p { display: block;font-size: 1em;letter-spacing: 0.1em;color: hsl(var(--foreground)) }
blockquote_note {  }
blockquote_tip {  }
blockquote_info {  }
blockquote_important {  }
blockquote_warning {  }
blockquote_caution {  }
blockquote_title { display: flex;align-items: center;gap: 0.5em;margin-bottom: 0.5em }
blockquote_title_note { color: #478be6 }
blockquote_title_tip { color: #57ab5a }
blockquote_title_info { color: #93c5fd }
blockquote_title_important { color: #986ee2 }
blockquote_title_warning { color: #c69026 }
blockquote_title_caution { color: #e5534b }
blockquote_p_note {  }
blockquote_p_tip {  }
blockquote_p_info {  }
blockquote_p_important {  }
blockquote_p_warning {  }
blockquote_p_caution {  }
code_pre { font-size: 90%;overflow-x: auto;border-radius: 8px;padding: 1em;line-height: 1.5;margin: 10px 8px }
code { margin: 0;white-space: nowrap;font-size: 90%;font-family: Menlo, Operator Mono, Consolas, Monaco, monospace }
image { display: block;max-width: 100%;margin: 0.1em auto 0.5em;border-radius: 4px }
ol { padding-left: 1em;margin-left: 0;color: hsl(var(--foreground)) }
ul { list-style: circle;padding-left: 1em;margin-left: 0;color: hsl(var(--foreground)) }
footnotes { margin: 0.5em 8px;font-size: 80%;color: hsl(var(--foreground)) }
figure { margin: 1.5em 8px;color: hsl(var(--foreground)) }
hr { border-style: solid;border-width: 2px 0 0;border-color: rgba(0,0,0,0.1);-webkit-transform-origin: 0 0;-webkit-transform: scale(1, 0.5);transform-origin: 0 0;transform: scale(1, 0.5);height: 0.4em;margin: 1.5em 0 }
block_katex { max-width: 100%;overflow-x: auto;-webkit-overflow-scrolling: touch;padding: 0.5em 0 }
listitem { text-indent: -1em;display: block;margin: 0.2em 8px;color: hsl(var(--foreground)) }
sup { vertical-align: super !important;font-size: smaller !important }
codespan { font-size: 90%;color: #d14;background: rgba(27,31,35,.05);padding: 3px 5px;border-radius: 4px }
em { font-style: italic;font-size: inherit }
link { color: #576b95 }
wx_link { color: #576b95;text-decoration: none }
strong { color: var(--md-primary-color);font-weight: bold;font-size: inherit }
table { border-collapse: collapse;text-align: center;margin: 1em 8px;color: hsl(var(--foreground)) }
thead { font-weight: bold;color: hsl(var(--foreground)) }
th { border: 1px solid #dfdfdf;padding: 0.25em 0.5em;color: hsl(var(--foreground));word-break: keep-all;background: rgba(0, 0, 0, 0.05) }
td { border: 1px solid #dfdfdf;padding: 0.25em 0.5em;color: hsl(var(--foreground));word-break: keep-all }
footnote { font-size: 12px;color: hsl(var(--foreground)) }
figcaption { text-align: center;color: #888;font-size: 0.8em }
inline_katex { display: inline-flex;max-width: 100%;overflow-x: auto;padding-bottom: 5px;vertical-align: middle }
p.mpeasy-indent { text-indent: 2em !important }
</style>
                    </head>
                    <body>
                        <section id="output"><section style="--md-primary-color: #000000;text-align: left;line-height: 1.75; --md-primary-color: #2de1b7;">
      <blockquote style="font-style: normal;padding: 1em;border-left: 4px solid var(--md-primary-color);border-radius: 6px;color: rgba(0,0,0,0.5);background: var(--blockquote-background);margin-bottom: 1em">
        <p style="display: block;font-size: 1em;letter-spacing: 0.1em;color: hsl(var(--foreground))">字数 1395，阅读大约需 7 分钟</p>
      </blockquote>
    <p class="mpeasy-indent" style="margin: 1.5em 8px;letter-spacing: 0.1em;color: hsl(var(--foreground))text-indent: 0 !important;">Markdown 是一种轻量级标记语言，用于格式化纯文本。它以简单、直观的语法而著称，可以快速地生成 HTML。Markdown 是写作与代码的完美结合，既简单又强大。</p><h2 style="display: table;padding: 0 0.2em;margin: 4em auto 2em;color: #fff;background: var(--md-primary-c
VM903 plugin:obsidian-mpeasy:199 MPEasy: Render prepared in 48.400000005960464ms
VM903 plugin:obsidian-mpeasy:199 正在卸载 MPEasy 插件
plugin:obsidian-mpeasy:199 正在加载 MPEasy 插件
plugin:obsidian-mpeasy:150 Renderer: setOptions called with newOpts.isUseIndent false
plugin:obsidian-mpeasy:150 Renderer: opts.isUseIndent after update false
plugin:obsidian-mpeasy:172 MPEasyViewComponent: settings.isUseIndent changed to false
plugin:obsidian-mpeasy:150 Renderer: setOptions called with newOpts.isUseIndent false
plugin:obsidian-mpeasy:150 Renderer: opts.isUseIndent after update false
plugin:obsidian-mpeasy:172 MPEasyViewComponent: settings.isUseIndent changed to false
plugin:obsidian-mpeasy:150 Renderer: setOptions called with newOpts.isUseIndent false
plugin:obsidian-mpeasy:150 Renderer: opts.isUseIndent after update false
plugin:obsidian-mpeasy:172 MPEasyViewComponent: settings.isUseIndent changed to false
plugin:obsidian-mpeasy:154 Renderer: paragraph function - opts.isUseIndent false
plugin:obsidian-mpeasy:154 Renderer: paragraph function - opts.isUseIndent false
plugin:obsidian-mpeasy:154 Renderer: paragraph function - opts.isUseIndent false
plugin:obsidian-mpeasy:154 Renderer: paragraph function - opts.isUseIndent false
plugin:obsidian-mpeasy:154 Renderer: paragraph function - opts.isUseIndent false
plugin:obsidian-mpeasy:154 Renderer: paragraph function - opts.isUseIndent false
plugin:obsidian-mpeasy:154 Renderer: paragraph function - opts.isUseIndent false
plugin:obsidian-mpeasy:154 Renderer: paragraph function - opts.isUseIndent false
plugin:obsidian-mpeasy:154 Renderer: paragraph function - opts.isUseIndent false
plugin:obsidian-mpeasy:154 Renderer: paragraph function - opts.isUseIndent false
plugin:obsidian-mpeasy:154 Renderer: paragraph function - opts.isUseIndent false
plugin:obsidian-mpeasy:154 Renderer: paragraph function - opts.isUseIndent false
plugin:obsidian-mpeasy:154 Renderer: paragraph function - opts.isUseIndent false
plugin:obsidian-mpeasy:154 Renderer: paragraph function - opts.isUseIndent false
plugin:obsidian-mpeasy:154 Renderer: paragraph function - opts.isUseIndent false
plugin:obsidian-mpeasy:154 Renderer: paragraph function - opts.isUseIndent false
plugin:obsidian-mpeasy:154 Renderer: paragraph function - opts.isUseIndent false
plugin:obsidian-mpeasy:154 Renderer: paragraph function - opts.isUseIndent false
plugin:obsidian-mpeasy:154 Renderer: paragraph function - opts.isUseIndent false
plugin:obsidian-mpeasy:154 Renderer: paragraph function - opts.isUseIndent false
plugin:obsidian-mpeasy:154 Renderer: paragraph function - opts.isUseIndent false
plugin:obsidian-mpeasy:154 Renderer: paragraph function - opts.isUseIndent false
plugin:obsidian-mpeasy:154 Renderer: paragraph function - opts.isUseIndent false
plugin:obsidian-mpeasy:154 Renderer: paragraph function - opts.isUseIndent false
plugin:obsidian-mpeasy:154 Renderer: paragraph function - opts.isUseIndent false
plugin:obsidian-mpeasy:154 Renderer: paragraph function - opts.isUseIndent false
plugin:obsidian-mpeasy:154 Renderer: paragraph function - opts.isUseIndent false
plugin:obsidian-mpeasy:154 Renderer: paragraph function - opts.isUseIndent false
plugin:obsidian-mpeasy:154 Renderer: paragraph function - opts.isUseIndent false
plugin:obsidian-mpeasy:172 MPEasy: [processLocalImages] 开始处理本地图片，forPreview: true
plugin:obsidian-mpeasy:172 MPEasy: [processLocalImages] 发现 2 张本地图片
plugin:obsidian-mpeasy:172 MPEasy: [processLocalImages] 为预览模式处理图片，转换为 Base64
plugin:obsidian-mpeasy:199 MPEasy: fullHtml content: 
                    <html>
                    <head>
                        <meta charset="UTF-8">
                        <style>section { --md-primary-color: #000000;text-align: left;line-height: 1.75 }
container {  }
h1 { display: table;padding: 0 1em;border-bottom: 2px solid var(--md-primary-color);margin: 2em auto 1em;color: hsl(var(--foreground));font-size: 1.2em;font-weight: bold;text-align: center }
h2 { display: table;padding: 0 0.2em;margin: 4em auto 2em;color: #fff;background: var(--md-primary-color);font-size: 1.2em;font-weight: bold;text-align: center }
h3 { padding-left: 8px;border-left: 3px solid var(--md-primary-color);margin: 2em 8px 0.75em 0;color: hsl(var(--foreground));font-size: 1.1em;font-weight: bold;line-height: 1.2 }
h4 { margin: 2em 8px 0.5em;color: var(--md-primary-color);font-size: 1em;font-weight: bold }
h5 { margin: 1.5em 8px 0.5em;color: var(--md-primary-color);font-size: 1em;font-weight: bold }
h6 { margin: 1.5em 8px 0.5em;font-size: 1em;color: var(--md-primary-color) }
p { margin: 1.5em 8px;letter-spacing: 0.1em;color: hsl(var(--foreground)) }
blockquote { font-style: normal;padding: 1em;border-left: 4px solid var(--md-primary-color);border-radius: 6px;color: rgba(0,0,0,0.5);background: var(--blockquote-background);margin-bottom: 1em }
blockquote_p { display: block;font-size: 1em;letter-spacing: 0.1em;color: hsl(var(--foreground)) }
blockquote_note {  }
blockquote_tip {  }
blockquote_info {  }
blockquote_important {  }
blockquote_warning {  }
blockquote_caution {  }
blockquote_title { display: flex;align-items: center;gap: 0.5em;margin-bottom: 0.5em }
blockquote_title_note { color: #478be6 }
blockquote_title_tip { color: #57ab5a }
blockquote_title_info { color: #93c5fd }
blockquote_title_important { color: #986ee2 }
blockquote_title_warning { color: #c69026 }
blockquote_title_caution { color: #e5534b }
blockquote_p_note {  }
blockquote_p_tip {  }
blockquote_p_info {  }
blockquote_p_important {  }
blockquote_p_warning {  }
blockquote_p_caution {  }
code_pre { font-size: 90%;overflow-x: auto;border-radius: 8px;padding: 1em;line-height: 1.5;margin: 10px 8px }
code { margin: 0;white-space: nowrap;font-size: 90%;font-family: Menlo, Operator Mono, Consolas, Monaco, monospace }
image { display: block;max-width: 100%;margin: 0.1em auto 0.5em;border-radius: 4px }
ol { padding-left: 1em;margin-left: 0;color: hsl(var(--foreground)) }
ul { list-style: circle;padding-left: 1em;margin-left: 0;color: hsl(var(--foreground)) }
footnotes { margin: 0.5em 8px;font-size: 80%;color: hsl(var(--foreground)) }
figure { margin: 1.5em 8px;color: hsl(var(--foreground)) }
hr { border-style: solid;border-width: 2px 0 0;border-color: rgba(0,0,0,0.1);-webkit-transform-origin: 0 0;-webkit-transform: scale(1, 0.5);transform-origin: 0 0;transform: scale(1, 0.5);height: 0.4em;margin: 1.5em 0 }
block_katex { max-width: 100%;overflow-x: auto;-webkit-overflow-scrolling: touch;padding: 0.5em 0 }
listitem { text-indent: -1em;display: block;margin: 0.2em 8px;color: hsl(var(--foreground)) }
sup { vertical-align: super !important;font-size: smaller !important }
codespan { font-size: 90%;color: #d14;background: rgba(27,31,35,.05);padding: 3px 5px;border-radius: 4px }
em { font-style: italic;font-size: inherit }
link { color: #576b95 }
wx_link { color: #576b95;text-decoration: none }
strong { color: var(--md-primary-color);font-weight: bold;font-size: inherit }
table { border-collapse: collapse;text-align: center;margin: 1em 8px;color: hsl(var(--foreground)) }
thead { font-weight: bold;color: hsl(var(--foreground)) }
th { border: 1px solid #dfdfdf;padding: 0.25em 0.5em;color: hsl(var(--foreground));word-break: keep-all;background: rgba(0, 0, 0, 0.05) }
td { border: 1px solid #dfdfdf;padding: 0.25em 0.5em;color: hsl(var(--foreground));word-break: keep-all }
footnote { font-size: 12px;color: hsl(var(--foreground)) }
figcaption { text-align: center;color: #888;font-size: 0.8em }
inline_katex { display: inline-flex;max-width: 100%;overflow-x: auto;padding-bottom: 5px;vertical-align: middle }
p.mpeasy-indent { text-indent: 2em !important }
</style>
                    </head>
                    <body>
                        <section id="output"><section style="--md-primary-color: #000000;text-align: left;line-height: 1.75; --md-primary-color: #2de1b7;">
      <blockquote style="font-style: normal;padding: 1em;border-left: 4px solid var(--md-primary-color);border-radius: 6px;color: rgba(0,0,0,0.5);background: var(--blockquote-background);margin-bottom: 1em">
        <p style="display: block;font-size: 1em;letter-spacing: 0.1em;color: hsl(var(--foreground))">字数 1395，阅读大约需 7 分钟</p>
      </blockquote>
    <p class="mpeasy-indent" style="margin: 1.5em 8px;letter-spacing: 0.1em;color: hsl(var(--foreground))text-indent: 0 !important;">Markdown 是一种轻量级标记语言，用于格式化纯文本。它以简单、直观的语法而著称，可以快速地生成 HTML。Markdown 是写作与代码的完美结合，既简单又强大。</p><h2 style="display: table;padding: 0 0.2em;margin: 4em auto 2em;color: #fff;background: var(--md-primary-c
plugin:obsidian-mpeasy:199 MPEasy: Render prepared in 179.7999999821186ms
plugin:obsidian-mpeasy:55 StylePanel: isUseIndent changed to true
plugin:obsidian-mpeasy:150 Renderer: setOptions called with newOpts.isUseIndent true
plugin:obsidian-mpeasy:150 Renderer: opts.isUseIndent after update true
plugin:obsidian-mpeasy:172 MPEasyViewComponent: settings.isUseIndent changed to true
plugin:obsidian-mpeasy:150 Renderer: setOptions called with newOpts.isUseIndent true
plugin:obsidian-mpeasy:150 Renderer: opts.isUseIndent after update true
plugin:obsidian-mpeasy:172 MPEasyViewComponent: settings.isUseIndent changed to true
plugin:obsidian-mpeasy:154 Renderer: paragraph function - opts.isUseIndent true
plugin:obsidian-mpeasy:154 Renderer: paragraph function - opts.isUseIndent true
plugin:obsidian-mpeasy:154 Renderer: paragraph function - opts.isUseIndent true
plugin:obsidian-mpeasy:154 Renderer: paragraph function - opts.isUseIndent true
plugin:obsidian-mpeasy:154 Renderer: paragraph function - opts.isUseIndent true
plugin:obsidian-mpeasy:154 Renderer: paragraph function - opts.isUseIndent true
plugin:obsidian-mpeasy:154 Renderer: paragraph function - opts.isUseIndent true
plugin:obsidian-mpeasy:154 Renderer: paragraph function - opts.isUseIndent true
plugin:obsidian-mpeasy:154 Renderer: paragraph function - opts.isUseIndent true
plugin:obsidian-mpeasy:154 Renderer: paragraph function - opts.isUseIndent true
plugin:obsidian-mpeasy:154 Renderer: paragraph function - opts.isUseIndent true
plugin:obsidian-mpeasy:154 Renderer: paragraph function - opts.isUseIndent true
plugin:obsidian-mpeasy:154 Renderer: paragraph function - opts.isUseIndent true
plugin:obsidian-mpeasy:154 Renderer: paragraph function - opts.isUseIndent true
plugin:obsidian-mpeasy:154 Renderer: paragraph function - opts.isUseIndent true
plugin:obsidian-mpeasy:154 Renderer: paragraph function - opts.isUseIndent true
plugin:obsidian-mpeasy:154 Renderer: paragraph function - opts.isUseIndent true
plugin:obsidian-mpeasy:154 Renderer: paragraph function - opts.isUseIndent true
plugin:obsidian-mpeasy:154 Renderer: paragraph function - opts.isUseIndent true
plugin:obsidian-mpeasy:154 Renderer: paragraph function - opts.isUseIndent true
plugin:obsidian-mpeasy:154 Renderer: paragraph function - opts.isUseIndent true
plugin:obsidian-mpeasy:154 Renderer: paragraph function - opts.isUseIndent true
plugin:obsidian-mpeasy:154 Renderer: paragraph function - opts.isUseIndent true
plugin:obsidian-mpeasy:154 Renderer: paragraph function - opts.isUseIndent true
plugin:obsidian-mpeasy:154 Renderer: paragraph function - opts.isUseIndent true
plugin:obsidian-mpeasy:154 Renderer: paragraph function - opts.isUseIndent true
plugin:obsidian-mpeasy:154 Renderer: paragraph function - opts.isUseIndent true
plugin:obsidian-mpeasy:154 Renderer: paragraph function - opts.isUseIndent true
plugin:obsidian-mpeasy:154 Renderer: paragraph function - opts.isUseIndent true
plugin:obsidian-mpeasy:172 MPEasy: [processLocalImages] 开始处理本地图片，forPreview: true
plugin:obsidian-mpeasy:172 MPEasy: [processLocalImages] 发现 2 张本地图片
plugin:obsidian-mpeasy:172 MPEasy: [processLocalImages] 为预览模式处理图片，转换为 Base64
plugin:obsidian-mpeasy:199 MPEasy: fullHtml content: 
                    <html>
                    <head>
                        <meta charset="UTF-8">
                        <style>section { --md-primary-color: #000000;text-align: left;line-height: 1.75 }
container {  }
h1 { display: table;padding: 0 1em;border-bottom: 2px solid var(--md-primary-color);margin: 2em auto 1em;color: hsl(var(--foreground));font-size: 1.2em;font-weight: bold;text-align: center }
h2 { display: table;padding: 0 0.2em;margin: 4em auto 2em;color: #fff;background: var(--md-primary-color);font-size: 1.2em;font-weight: bold;text-align: center }
h3 { padding-left: 8px;border-left: 3px solid var(--md-primary-color);margin: 2em 8px 0.75em 0;color: hsl(var(--foreground));font-size: 1.1em;font-weight: bold;line-height: 1.2 }
h4 { margin: 2em 8px 0.5em;color: var(--md-primary-color);font-size: 1em;font-weight: bold }
h5 { margin: 1.5em 8px 0.5em;color: var(--md-primary-color);font-size: 1em;font-weight: bold }
h6 { margin: 1.5em 8px 0.5em;font-size: 1em;color: var(--md-primary-color) }
p { margin: 1.5em 8px;letter-spacing: 0.1em;color: hsl(var(--foreground)) }
blockquote { font-style: normal;padding: 1em;border-left: 4px solid var(--md-primary-color);border-radius: 6px;color: rgba(0,0,0,0.5);background: var(--blockquote-background);margin-bottom: 1em }
blockquote_p { display: block;font-size: 1em;letter-spacing: 0.1em;color: hsl(var(--foreground)) }
blockquote_note {  }
blockquote_tip {  }
blockquote_info {  }
blockquote_important {  }
blockquote_warning {  }
blockquote_caution {  }
blockquote_title { display: flex;align-items: center;gap: 0.5em;margin-bottom: 0.5em }
blockquote_title_note { color: #478be6 }
blockquote_title_tip { color: #57ab5a }
blockquote_title_info { color: #93c5fd }
blockquote_title_important { color: #986ee2 }
blockquote_title_warning { color: #c69026 }
blockquote_title_caution { color: #e5534b }
blockquote_p_note {  }
blockquote_p_tip {  }
blockquote_p_info {  }
blockquote_p_important {  }
blockquote_p_warning {  }
blockquote_p_caution {  }
code_pre { font-size: 90%;overflow-x: auto;border-radius: 8px;padding: 1em;line-height: 1.5;margin: 10px 8px }
code { margin: 0;white-space: nowrap;font-size: 90%;font-family: Menlo, Operator Mono, Consolas, Monaco, monospace }
image { display: block;max-width: 100%;margin: 0.1em auto 0.5em;border-radius: 4px }
ol { padding-left: 1em;margin-left: 0;color: hsl(var(--foreground)) }
ul { list-style: circle;padding-left: 1em;margin-left: 0;color: hsl(var(--foreground)) }
footnotes { margin: 0.5em 8px;font-size: 80%;color: hsl(var(--foreground)) }
figure { margin: 1.5em 8px;color: hsl(var(--foreground)) }
hr { border-style: solid;border-width: 2px 0 0;border-color: rgba(0,0,0,0.1);-webkit-transform-origin: 0 0;-webkit-transform: scale(1, 0.5);transform-origin: 0 0;transform: scale(1, 0.5);height: 0.4em;margin: 1.5em 0 }
block_katex { max-width: 100%;overflow-x: auto;-webkit-overflow-scrolling: touch;padding: 0.5em 0 }
listitem { text-indent: -1em;display: block;margin: 0.2em 8px;color: hsl(var(--foreground)) }
sup { vertical-align: super !important;font-size: smaller !important }
codespan { font-size: 90%;color: #d14;background: rgba(27,31,35,.05);padding: 3px 5px;border-radius: 4px }
em { font-style: italic;font-size: inherit }
link { color: #576b95 }
wx_link { color: #576b95;text-decoration: none }
strong { color: var(--md-primary-color);font-weight: bold;font-size: inherit }
table { border-collapse: collapse;text-align: center;margin: 1em 8px;color: hsl(var(--foreground)) }
thead { font-weight: bold;color: hsl(var(--foreground)) }
th { border: 1px solid #dfdfdf;padding: 0.25em 0.5em;color: hsl(var(--foreground));word-break: keep-all;background: rgba(0, 0, 0, 0.05) }
td { border: 1px solid #dfdfdf;padding: 0.25em 0.5em;color: hsl(var(--foreground));word-break: keep-all }
footnote { font-size: 12px;color: hsl(var(--foreground)) }
figcaption { text-align: center;color: #888;font-size: 0.8em }
inline_katex { display: inline-flex;max-width: 100%;overflow-x: auto;padding-bottom: 5px;vertical-align: middle }
p.mpeasy-indent { text-indent: 2em !important }
</style>
                    </head>
                    <body>
                        <section id="output"><section style="--md-primary-color: #000000;text-align: left;line-height: 1.75; --md-primary-color: #2de1b7;">
      <blockquote style="font-style: normal;padding: 1em;border-left: 4px solid var(--md-primary-color);border-radius: 6px;color: rgba(0,0,0,0.5);background: var(--blockquote-background);margin-bottom: 1em">
        <p style="display: block;font-size: 1em;letter-spacing: 0.1em;color: hsl(var(--foreground))">字数 1395，阅读大约需 7 分钟</p>
      </blockquote>
    <p class="mpeasy-indent" style="margin: 1.5em 8px;letter-spacing: 0.1em;color: hsl(var(--foreground))">Markdown 是一种轻量级标记语言，用于格式化纯文本。它以简单、直观的语法而著称，可以快速地生成 HTML。Markdown 是写作与代码的完美结合，既简单又强大。</p><h2 style="display: table;padding: 0 0.2em;margin: 4em auto 2em;color: #fff;background: var(--md-primary-color);font-size: 1.2em;fon
plugin:obsidian-mpeasy:199 MPEasy: Render prepared in 394.5ms
plugin:obsidian-mpeasy:55 StylePanel: isUseIndent changed to false
plugin:obsidian-mpeasy:150 Renderer: setOptions called with newOpts.isUseIndent false
plugin:obsidian-mpeasy:150 Renderer: opts.isUseIndent after update false
plugin:obsidian-mpeasy:172 MPEasyViewComponent: settings.isUseIndent changed to false
plugin:obsidian-mpeasy:150 Renderer: setOptions called with newOpts.isUseIndent false
plugin:obsidian-mpeasy:150 Renderer: opts.isUseIndent after update false
plugin:obsidian-mpeasy:172 MPEasyViewComponent: settings.isUseIndent changed to false
plugin:obsidian-mpeasy:154 Renderer: paragraph function - opts.isUseIndent false
plugin:obsidian-mpeasy:154 Renderer: paragraph function - opts.isUseIndent false
plugin:obsidian-mpeasy:154 Renderer: paragraph function - opts.isUseIndent false
plugin:obsidian-mpeasy:154 Renderer: paragraph function - opts.isUseIndent false
plugin:obsidian-mpeasy:154 Renderer: paragraph function - opts.isUseIndent false
plugin:obsidian-mpeasy:154 Renderer: paragraph function - opts.isUseIndent false
plugin:obsidian-mpeasy:154 Renderer: paragraph function - opts.isUseIndent false
plugin:obsidian-mpeasy:154 Renderer: paragraph function - opts.isUseIndent false
plugin:obsidian-mpeasy:154 Renderer: paragraph function - opts.isUseIndent false
plugin:obsidian-mpeasy:154 Renderer: paragraph function - opts.isUseIndent false
plugin:obsidian-mpeasy:154 Renderer: paragraph function - opts.isUseIndent false
plugin:obsidian-mpeasy:154 Renderer: paragraph function - opts.isUseIndent false
plugin:obsidian-mpeasy:154 Renderer: paragraph function - opts.isUseIndent false
plugin:obsidian-mpeasy:154 Renderer: paragraph function - opts.isUseIndent false
plugin:obsidian-mpeasy:154 Renderer: paragraph function - opts.isUseIndent false
plugin:obsidian-mpeasy:154 Renderer: paragraph function - opts.isUseIndent false
plugin:obsidian-mpeasy:154 Renderer: paragraph function - opts.isUseIndent false
plugin:obsidian-mpeasy:154 Renderer: paragraph function - opts.isUseIndent false
plugin:obsidian-mpeasy:154 Renderer: paragraph function - opts.isUseIndent false
plugin:obsidian-mpeasy:154 Renderer: paragraph function - opts.isUseIndent false
plugin:obsidian-mpeasy:154 Renderer: paragraph function - opts.isUseIndent false
plugin:obsidian-mpeasy:154 Renderer: paragraph function - opts.isUseIndent false
plugin:obsidian-mpeasy:154 Renderer: paragraph function - opts.isUseIndent false
plugin:obsidian-mpeasy:154 Renderer: paragraph function - opts.isUseIndent false
plugin:obsidian-mpeasy:154 Renderer: paragraph function - opts.isUseIndent false
plugin:obsidian-mpeasy:154 Renderer: paragraph function - opts.isUseIndent false
plugin:obsidian-mpeasy:154 Renderer: paragraph function - opts.isUseIndent false
plugin:obsidian-mpeasy:154 Renderer: paragraph function - opts.isUseIndent false
plugin:obsidian-mpeasy:154 Renderer: paragraph function - opts.isUseIndent false
plugin:obsidian-mpeasy:172 MPEasy: [processLocalImages] 开始处理本地图片，forPreview: true
plugin:obsidian-mpeasy:172 MPEasy: [processLocalImages] 发现 2 张本地图片
plugin:obsidian-mpeasy:172 MPEasy: [processLocalImages] 为预览模式处理图片，转换为 Base64
plugin:obsidian-mpeasy:199 MPEasy: fullHtml content: 
                    <html>
                    <head>
                        <meta charset="UTF-8">
                        <style>section { --md-primary-color: #000000;text-align: left;line-height: 1.75 }
container {  }
h1 { display: table;padding: 0 1em;border-bottom: 2px solid var(--md-primary-color);margin: 2em auto 1em;color: hsl(var(--foreground));font-size: 1.2em;font-weight: bold;text-align: center }
h2 { display: table;padding: 0 0.2em;margin: 4em auto 2em;color: #fff;background: var(--md-primary-color);font-size: 1.2em;font-weight: bold;text-align: center }
h3 { padding-left: 8px;border-left: 3px solid var(--md-primary-color);margin: 2em 8px 0.75em 0;color: hsl(var(--foreground));font-size: 1.1em;font-weight: bold;line-height: 1.2 }
h4 { margin: 2em 8px 0.5em;color: var(--md-primary-color);font-size: 1em;font-weight: bold }
h5 { margin: 1.5em 8px 0.5em;color: var(--md-primary-color);font-size: 1em;font-weight: bold }
h6 { margin: 1.5em 8px 0.5em;font-size: 1em;color: var(--md-primary-color) }
p { margin: 1.5em 8px;letter-spacing: 0.1em;color: hsl(var(--foreground)) }
blockquote { font-style: normal;padding: 1em;border-left: 4px solid var(--md-primary-color);border-radius: 6px;color: rgba(0,0,0,0.5);background: var(--blockquote-background);margin-bottom: 1em }
blockquote_p { display: block;font-size: 1em;letter-spacing: 0.1em;color: hsl(var(--foreground)) }
blockquote_note {  }
blockquote_tip {  }
blockquote_info {  }
blockquote_important {  }
blockquote_warning {  }
blockquote_caution {  }
blockquote_title { display: flex;align-items: center;gap: 0.5em;margin-bottom: 0.5em }
blockquote_title_note { color: #478be6 }
blockquote_title_tip { color: #57ab5a }
blockquote_title_info { color: #93c5fd }
blockquote_title_important { color: #986ee2 }
blockquote_title_warning { color: #c69026 }
blockquote_title_caution { color: #e5534b }
blockquote_p_note {  }
blockquote_p_tip {  }
blockquote_p_info {  }
blockquote_p_important {  }
blockquote_p_warning {  }
blockquote_p_caution {  }
code_pre { font-size: 90%;overflow-x: auto;border-radius: 8px;padding: 1em;line-height: 1.5;margin: 10px 8px }
code { margin: 0;white-space: nowrap;font-size: 90%;font-family: Menlo, Operator Mono, Consolas, Monaco, monospace }
image { display: block;max-width: 100%;margin: 0.1em auto 0.5em;border-radius: 4px }
ol { padding-left: 1em;margin-left: 0;color: hsl(var(--foreground)) }
ul { list-style: circle;padding-left: 1em;margin-left: 0;color: hsl(var(--foreground)) }
footnotes { margin: 0.5em 8px;font-size: 80%;color: hsl(var(--foreground)) }
figure { margin: 1.5em 8px;color: hsl(var(--foreground)) }
hr { border-style: solid;border-width: 2px 0 0;border-color: rgba(0,0,0,0.1);-webkit-transform-origin: 0 0;-webkit-transform: scale(1, 0.5);transform-origin: 0 0;transform: scale(1, 0.5);height: 0.4em;margin: 1.5em 0 }
block_katex { max-width: 100%;overflow-x: auto;-webkit-overflow-scrolling: touch;padding: 0.5em 0 }
listitem { text-indent: -1em;display: block;margin: 0.2em 8px;color: hsl(var(--foreground)) }
sup { vertical-align: super !important;font-size: smaller !important }
codespan { font-size: 90%;color: #d14;background: rgba(27,31,35,.05);padding: 3px 5px;border-radius: 4px }
em { font-style: italic;font-size: inherit }
link { color: #576b95 }
wx_link { color: #576b95;text-decoration: none }
strong { color: var(--md-primary-color);font-weight: bold;font-size: inherit }
table { border-collapse: collapse;text-align: center;margin: 1em 8px;color: hsl(var(--foreground)) }
thead { font-weight: bold;color: hsl(var(--foreground)) }
th { border: 1px solid #dfdfdf;padding: 0.25em 0.5em;color: hsl(var(--foreground));word-break: keep-all;background: rgba(0, 0, 0, 0.05) }
td { border: 1px solid #dfdfdf;padding: 0.25em 0.5em;color: hsl(var(--foreground));word-break: keep-all }
footnote { font-size: 12px;color: hsl(var(--foreground)) }
figcaption { text-align: center;color: #888;font-size: 0.8em }
inline_katex { display: inline-flex;max-width: 100%;overflow-x: auto;padding-bottom: 5px;vertical-align: middle }
p.mpeasy-indent { text-indent: 2em !important }
</style>
                    </head>
                    <body>
                        <section id="output"><section style="--md-primary-color: #000000;text-align: left;line-height: 1.75; --md-primary-color: #2de1b7;">
      <blockquote style="font-style: normal;padding: 1em;border-left: 4px solid var(--md-primary-color);border-radius: 6px;color: rgba(0,0,0,0.5);background: var(--blockquote-background);margin-bottom: 1em">
        <p style="display: block;font-size: 1em;letter-spacing: 0.1em;color: hsl(var(--foreground))">字数 1395，阅读大约需 7 分钟</p>
      </blockquote>
    <p class="mpeasy-indent" style="margin: 1.5em 8px;letter-spacing: 0.1em;color: hsl(var(--foreground))text-indent: 0 !important;">Markdown 是一种轻量级标记语言，用于格式化纯文本。它以简单、直观的语法而著称，可以快速地生成 HTML。Markdown 是写作与代码的完美结合，既简单又强大。</p><h2 style="display: table;padding: 0 0.2em;margin: 4em auto 2em;color: #fff;background: var(--md-primary-c
plugin:obsidian-mpeasy:199 MPEasy: Render prepared in 1198.199999988079ms
